<?xml version="1.0" encoding="UTF-8"?>
<!-- Generated by org.testng.reporters.JUnitXMLReporter -->
<testsuite hostname="113279-T470p" ignored="0" name="R2_Regression Suite" tests="3" failures="0" timestamp="09 Jul 2018 15:27:47 GMT" time="0.138" errors="0">
  <testcase name="@BeforeClass init" time="0.097" classname="com.hf.challenge.WebTest_new">
    <failure type="java.lang.NullPointerException">
      <![CDATA[java.lang.NullPointerException
at org.openqa.selenium.support.events.EventFiringWebDriver.extractInterfaces(EventFiringWebDriver.java:118)
at org.openqa.selenium.support.events.EventFiringWebDriver.<init>(EventFiringWebDriver.java:92)
at com.hf.utils.BrowserInitializer.setUpEventDriver(BrowserInitializer.java:50)
at com.hf.utils.BrowserInitializer.initDriver(BrowserInitializer.java:126)
at com.hf.challenge.WebTest_new.init(WebTest_new.java:22)
at java.util.concurrent.ThreadPoolExecutor.runWorker(Unknown Source)
at java.util.concurrent.ThreadPoolExecutor$Worker.run(Unknown Source)
at java.lang.Thread.run(Unknown Source)
... Removed 11 stack frames]]>
    </failure>
  </testcase> <!-- @BeforeClass init -->
  <testcase name="@BeforeMethod openBrowser" time="0.0" classname="com.hf.challenge.WebTest_new">
    <skipped/>
  </testcase> <!-- @BeforeMethod openBrowser -->
  <testcase name="@AfterMethod clearcahe" time="0.0" classname="com.hf.challenge.WebTest_new">
    <skipped/>
  </testcase> <!-- @AfterMethod clearcahe -->
  <testcase name="@BeforeMethod openBrowser" time="0.0" classname="com.hf.challenge.WebTest_new">
    <skipped/>
  </testcase> <!-- @BeforeMethod openBrowser -->
  <testcase name="@AfterMethod clearcahe" time="0.0" classname="com.hf.challenge.WebTest_new">
    <skipped/>
  </testcase> <!-- @AfterMethod clearcahe -->
  <testcase name="@BeforeMethod openBrowser" time="0.0" classname="com.hf.challenge.WebTest_new">
    <skipped/>
  </testcase> <!-- @BeforeMethod openBrowser -->
  <testcase name="@AfterMethod clearcahe" time="0.0" classname="com.hf.challenge.WebTest_new">
    <skipped/>
  </testcase> <!-- @AfterMethod clearcahe -->
  <testcase name="@AfterClass quitBrowser" time="0.0" classname="com.hf.challenge.WebTest_new">
    <skipped/>
  </testcase> <!-- @AfterClass quitBrowser -->
  <testcase name="signInTest" time="0.0" classname="com.hf.challenge.WebTest_new">
    <skipped/>
  </testcase> <!-- signInTest -->
  <testcase name="loginTest" time="0.0" classname="com.hf.challenge.WebTest_new">
    <skipped/>
  </testcase> <!-- loginTest -->
  <testcase name="checkout" time="0.0" classname="com.hf.challenge.WebTest_new">
    <skipped/>
  </testcase> <!-- checkout -->
</testsuite> <!-- R2_Regression Suite -->
