<?xml version="1.0" encoding="UTF-8"?>
<!-- Generated by org.testng.reporters.JUnitXMLReporter -->
<testsuite hostname="113279-T470p" ignored="0" name="Default test" tests="3" failures="0" timestamp="09 Jul 2018 11:24:50 GMT" time="185.923" errors="0">
  <testcase name="@BeforeClass init" time="185.826" classname="com.hf.challenge.WebTest_new">
    <failure type="java.lang.NullPointerException">
      <![CDATA[java.lang.NullPointerException
at org.openqa.selenium.support.events.EventFiringWebDriver.extractInterfaces(EventFiringWebDriver.java:118)
at org.openqa.selenium.support.events.EventFiringWebDriver.<init>(EventFiringWebDriver.java:92)
at com.hf.utils.BrowserInitializer.setUpEventDriver(BrowserInitializer.java:50)
at com.hf.utils.BrowserInitializer.initDriver(BrowserInitializer.java:126)
at com.hf.challenge.WebTest_new.init(WebTest_new.java:22)
at sun.reflect.NativeMethodAccessorImpl.invoke0(Native Method)
at sun.reflect.NativeMethodAccessorImpl.invoke(NativeMethodAccessorImpl.java:62)
at sun.reflect.DelegatingMethodAccessorImpl.invoke(DelegatingMethodAccessorImpl.java:43)
at java.lang.reflect.Method.invoke(Method.java:498)
at org.testng.internal.MethodInvocationHelper.invokeMethod(MethodInvocationHelper.java:124)
at org.testng.internal.MethodInvocationHelper.invokeMethodConsideringTimeout(MethodInvocationHelper.java:59)
at org.testng.internal.Invoker.invokeConfigurationMethod(Invoker.java:458)
at org.testng.internal.Invoker.invokeConfigurations(Invoker.java:222)
at org.testng.internal.Invoker.invokeConfigurations(Invoker.java:142)
at org.testng.internal.TestMethodWorker.invokeBeforeClassMethods(TestMethodWorker.java:168)
at org.testng.internal.TestMethodWorker.run(TestMethodWorker.java:105)
at org.testng.TestRunner.privateRun(TestRunner.java:648)
at org.testng.TestRunner.run(TestRunner.java:505)
at org.testng.SuiteRunner.runTest(SuiteRunner.java:455)
at org.testng.SuiteRunner.runSequentially(SuiteRunner.java:450)
at org.testng.SuiteRunner.privateRun(SuiteRunner.java:415)
at org.testng.SuiteRunner.run(SuiteRunner.java:364)
at org.testng.SuiteRunnerWorker.runSuite(SuiteRunnerWorker.java:52)
at org.testng.SuiteRunnerWorker.run(SuiteRunnerWorker.java:84)
at org.testng.TestNG.runSuitesSequentially(TestNG.java:1208)
at org.testng.TestNG.runSuitesLocally(TestNG.java:1137)
at org.testng.TestNG.runSuites(TestNG.java:1049)
at org.testng.TestNG.run(TestNG.java:1017)
at org.testng.remote.AbstractRemoteTestNG.run(AbstractRemoteTestNG.java:114)
at org.testng.remote.RemoteTestNG.initAndRun(RemoteTestNG.java:251)
at org.testng.remote.RemoteTestNG.main(RemoteTestNG.java:77)
]]>
    </failure>
  </testcase> <!-- @BeforeClass init -->
  <testcase name="@BeforeMethod openBrowser" time="0.0" classname="com.hf.challenge.WebTest_new">
    <skipped/>
  </testcase> <!-- @BeforeMethod openBrowser -->
  <testcase name="@AfterMethod clearcahe" time="0.0" classname="com.hf.challenge.WebTest_new">
    <skipped/>
  </testcase> <!-- @AfterMethod clearcahe -->
  <testcase name="@BeforeMethod openBrowser" time="0.0" classname="com.hf.challenge.WebTest_new">
    <skipped/>
  </testcase> <!-- @BeforeMethod openBrowser -->
  <testcase name="@AfterMethod clearcahe" time="0.0" classname="com.hf.challenge.WebTest_new">
    <skipped/>
  </testcase> <!-- @AfterMethod clearcahe -->
  <testcase name="@BeforeMethod openBrowser" time="0.0" classname="com.hf.challenge.WebTest_new">
    <skipped/>
  </testcase> <!-- @BeforeMethod openBrowser -->
  <testcase name="@AfterMethod clearcahe" time="0.0" classname="com.hf.challenge.WebTest_new">
    <skipped/>
  </testcase> <!-- @AfterMethod clearcahe -->
  <testcase name="@AfterClass quitBrowser" time="0.0" classname="com.hf.challenge.WebTest_new">
    <skipped/>
  </testcase> <!-- @AfterClass quitBrowser -->
  <testcase name="signInTest" time="0.0" classname="com.hf.challenge.WebTest_new">
    <skipped/>
  </testcase> <!-- signInTest -->
  <testcase name="loginTest" time="0.0" classname="com.hf.challenge.WebTest_new">
    <skipped/>
  </testcase> <!-- loginTest -->
  <testcase name="checkout" time="0.0" classname="com.hf.challenge.WebTest_new">
    <skipped/>
  </testcase> <!-- checkout -->
</testsuite> <!-- Default test -->
