<?xml version="1.0" encoding="UTF-8"?>
<testsuite name="R2_Regression Suite"
           tests="11"
           failures="1"
           errors="0"
           skipped="10"
           time="0.049">
  <properties />
            <testcase name="init" time="0.049" classname="com.hf.challenge.WebTest_new">
                <failure type="java.lang.NullPointerException"
                  message="(null)"
              >
<![CDATA[java.lang.NullPointerException
  com.hf.utils.BrowserInitializer.initDriver(BrowserInitializer.java:125)
  com.hf.challenge.WebTest_new.init(WebTest_new.java:22)
  sun.reflect.NativeMethodAccessorImpl.invoke0(Native Method)
  sun.reflect.NativeMethodAccessorImpl.invoke(NativeMethodAccessorImpl.java:62)
  sun.reflect.DelegatingMethodAccessorImpl.invoke(DelegatingMethodAccessorImpl.java:43)
  java.lang.reflect.Method.invoke(Method.java:498)
  org.testng.internal.MethodInvocationHelper.invokeMethod(MethodInvocationHelper.java:124)
  org.testng.internal.MethodInvocationHelper.invokeMethodConsideringTimeout(MethodInvocationHelper.java:59)
  org.testng.internal.Invoker.invokeConfigurationMethod(Invoker.java:458)
  org.testng.internal.Invoker.invokeConfigurations(Invoker.java:222)
  org.testng.internal.Invoker.invokeConfigurations(Invoker.java:142)
  org.testng.internal.TestMethodWorker.invokeBeforeClassMethods(TestMethodWorker.java:168)
  org.testng.internal.TestMethodWorker.run(TestMethodWorker.java:105)
  java.util.concurrent.ThreadPoolExecutor.runWorker(ThreadPoolExecutor.java:1149)
  java.util.concurrent.ThreadPoolExecutor$Worker.run(ThreadPoolExecutor.java:624)
  java.lang.Thread.run(Thread.java:748)
]]>
      </failure>

          </testcase>
  
            <testcase name="clearcahe" time="0.0" classname="com.hf.challenge.WebTest_new">
          <skipped />
    </testcase>
            <testcase name="openBrowser" time="0.0" classname="com.hf.challenge.WebTest_new">
          <skipped />
    </testcase>
            <testcase name="openBrowser" time="0.0" classname="com.hf.challenge.WebTest_new">
          <skipped />
    </testcase>
            <testcase name="openBrowser" time="0.0" classname="com.hf.challenge.WebTest_new">
          <skipped />
    </testcase>
            <testcase name="clearcahe" time="0.0" classname="com.hf.challenge.WebTest_new">
          <skipped />
    </testcase>
            <testcase name="clearcahe" time="0.0" classname="com.hf.challenge.WebTest_new">
          <skipped />
    </testcase>
            <testcase name="quitBrowser" time="0.0" classname="com.hf.challenge.WebTest_new">
          <skipped />
    </testcase>
            <testcase name="signInTest" time="0.0" classname="com.hf.challenge.WebTest_new">
          <skipped />
    </testcase>
            <testcase name="loginTest" time="0.0" classname="com.hf.challenge.WebTest_new">
          <skipped />
    </testcase>
            <testcase name="checkout" time="0.0" classname="com.hf.challenge.WebTest_new">
          <skipped />
    </testcase>
  
  
</testsuite>
